\BOOKMARK [0][-]{section*.1}{\376\377\000D\000a\000f\000t\000a\000r\000\040\000I\000s\000i}{}% 1
\BOOKMARK [0][-]{section*.2}{\376\377\000D\000a\000f\000t\000a\000r\000\040\000G\000a\000m\000b\000a\000r}{}% 2
\BOOKMARK [0][-]{section*.3}{\376\377\000D\000a\000f\000t\000a\000r\000\040\000T\000a\000b\000e\000l}{}% 3
\BOOKMARK [0][-]{chapter.1}{\376\377\000P\000e\000n\000d\000a\000h\000u\000l\000u\000a\000n}{}% 4
\BOOKMARK [1][-]{section.1.1}{\376\377\000L\000a\000t\000a\000r\000\040\000B\000e\000l\000a\000k\000a\000n\000g}{chapter.1}% 5
\BOOKMARK [1][-]{section.1.2}{\376\377\000R\000u\000m\000u\000s\000a\000n\000\040\000M\000a\000s\000a\000l\000a\000h}{chapter.1}% 6
\BOOKMARK [1][-]{section.1.3}{\376\377\000T\000u\000j\000u\000a\000n}{chapter.1}% 7
\BOOKMARK [1][-]{section.1.4}{\376\377\000B\000a\000t\000a\000s\000a\000n\000\040\000M\000a\000s\000a\000l\000a\000h}{chapter.1}% 8
\BOOKMARK [1][-]{section.1.5}{\376\377\000M\000e\000t\000o\000d\000o\000l\000o\000g\000i\000\040\000P\000e\000n\000e\000l\000i\000t\000i\000a\000n}{chapter.1}% 9
\BOOKMARK [1][-]{section.1.6}{\376\377\000S\000i\000s\000t\000e\000m\000a\000t\000i\000k\000a\000\040\000P\000e\000m\000b\000a\000h\000a\000s\000a\000n}{chapter.1}% 10
\BOOKMARK [0][-]{chapter.2}{\376\377\000D\000a\000s\000a\000r\000\040\000T\000e\000o\000r\000i}{}% 11
\BOOKMARK [1][-]{section.2.1}{\376\377\000M\000o\000r\000f\000o\000l\000o\000g\000i}{chapter.2}% 12
\BOOKMARK [1][-]{section.2.2}{\376\377\000M\000o\000r\000f\000e\000m}{chapter.2}% 13
\BOOKMARK [2][-]{subsection.2.2.1}{\376\377\000I\000d\000e\000n\000t\000i\000f\000i\000k\000a\000s\000i\000\040\000M\000o\000r\000f\000e\000m}{section.2.2}% 14
\BOOKMARK [2][-]{subsection.2.2.2}{\376\377\000J\000e\000n\000i\000s\000\040\000M\000o\000r\000f\000e\000m}{section.2.2}% 15
\BOOKMARK [2][-]{subsection.2.2.3}{\376\377\000M\000o\000r\000f\000e\000m\000\040\000D\000a\000s\000a\000r\000,\000\040\000B\000e\000n\000t\000u\000k\000\040\000D\000a\000s\000a\000r\000,\000\040\000A\000k\000a\000r\000,\000\040\000d\000a\000n\000\040\000L\000e\000k\000s\000e\000m}{section.2.2}% 16
\BOOKMARK [2][-]{subsection.2.2.4}{\376\377\000M\000o\000r\000f\000e\000m\000\040\000A\000f\000i\000k\000s}{section.2.2}% 17
\BOOKMARK [1][-]{section.2.3}{\376\377\000P\000r\000o\000s\000e\000s\000\040\000M\000o\000r\000f\000o\000l\000o\000g\000i}{chapter.2}% 18
\BOOKMARK [2][-]{subsection.2.3.1}{\376\377\000B\000e\000n\000t\000u\000k\000\040\000D\000a\000s\000a\000r}{section.2.3}% 19
\BOOKMARK [2][-]{subsection.2.3.2}{\376\377\000P\000e\000m\000b\000e\000n\000t\000u\000k\000\040\000K\000a\000t\000a}{section.2.3}% 20
\BOOKMARK [1][-]{section.2.4}{\376\377\000M\000o\000r\000f\000o\000f\000o\000n\000e\000m\000i\000k}{chapter.2}% 21
\BOOKMARK [2][-]{subsection.2.4.1}{\376\377\000J\000e\000n\000i\000s\000\040\000P\000e\000r\000u\000b\000a\000h\000a\000n}{section.2.4}% 22
\BOOKMARK [2][-]{subsection.2.4.2}{\376\377\000P\000r\000e\000f\000i\000k\000s\000a\000s\000i\000\040\000b\000e\000r\000-}{section.2.4}% 23
\BOOKMARK [2][-]{subsection.2.4.3}{\376\377\000P\000r\000e\000f\000i\000k\000s\000a\000s\000i\000\040\000m\000e\000-\000\040\000\050\000t\000e\000r\000m\000a\000s\000u\000k\000\040\000k\000l\000o\000f\000i\000k\000s\000\040\000m\000e\000-\000k\000a\000n\000\040\000d\000a\000n\000\040\000m\000e\000-\000i\000\051}{section.2.4}% 24
\BOOKMARK [2][-]{subsection.2.4.4}{\376\377\000P\000r\000e\000f\000i\000k\000s\000a\000s\000i\000\040\000p\000e\000-\000\040\000d\000a\000n\000\040\000k\000o\000n\000f\000i\000k\000s\000a\000s\000i\000\040\000p\000e\000-\000a\000n}{section.2.4}% 25
\BOOKMARK [2][-]{subsection.2.4.5}{\376\377\000P\000r\000e\000f\000i\000k\000s\000a\000s\000i\000\040\000p\000e\000r\000-\000\040\000d\000a\000n\000\040\000k\000o\000n\000f\000i\000k\000s\000a\000s\000i\000\040\000p\000e\000r\000-\000a\000n}{section.2.4}% 26
\BOOKMARK [2][-]{subsection.2.4.6}{\376\377\000P\000r\000e\000f\000i\000k\000s\000a\000s\000i\000\040\000t\000e\000r\000-}{section.2.4}% 27
\BOOKMARK [1][-]{section.2.5}{\376\377\000P\000e\000r\000a\000n\000\040\000M\000o\000r\000p\000h\000o\000l\000o\000g\000i\000c\000a\000l\000\040\000P\000a\000r\000s\000e\000r\000\040\000d\000a\000l\000a\000m\000\040\000N\000a\000t\000u\000r\000a\000l\000\040\000L\000a\000n\000g\000u\000a\000g\000e\000\040\000P\000r\000o\000c\000e\000s\000s\000i\000n\000g\000j\000u\000r\000a\000f\000s\000k\000y\000:\0000\0009\000:\000n\000l\000p}{chapter.2}% 28
\BOOKMARK [1][-]{section.2.6}{\376\377\000S\000t\000r\000u\000k\000t\000u\000r\000\040\000D\000a\000t\000a\000\040\000T\000r\000i\000e}{chapter.2}% 29
\BOOKMARK [2][-]{subsection.2.6.1}{\376\377\000B\000i\000t\000w\000i\000s\000e\000\040\000T\000r\000i\000e}{section.2.6}% 30
\BOOKMARK [2][-]{subsection.2.6.2}{\376\377\000P\000a\000t\000r\000i\000c\000i\000a\000\040\000T\000r\000i\000e}{section.2.6}% 31
\BOOKMARK [2][-]{subsection.2.6.3}{\376\377\000I\000m\000p\000l\000e\000m\000e\000n\000t\000a\000s\000i\000\040\000T\000r\000i\000e\000\040\000d\000a\000l\000a\000m\000\040\000K\000a\000m\000u\000s}{section.2.6}% 32
\BOOKMARK [2][-]{subsection.2.6.4}{\376\377\000K\000e\000u\000n\000g\000g\000u\000l\000a\000n\000\040\000T\000r\000i\000e\000\040\000d\000i\000b\000a\000n\000d\000i\000n\000g\000k\000a\000n\000\040\000S\000t\000r\000u\000k\000t\000u\000r\000\040\000D\000a\000t\000a\000\040\000L\000a\000i\000n}{section.2.6}% 33
\BOOKMARK [0][-]{chapter.3}{\376\377\000A\000n\000a\000l\000i\000s\000i\000s}{}% 34
\BOOKMARK [1][-]{section.3.1}{\376\377\000L\000e\000k\000s\000i\000k\000o\000n}{chapter.3}% 35
\BOOKMARK [1][-]{section.3.2}{\376\377\000P\000r\000o\000s\000e\000s\000\040\000M\000o\000r\000p\000h\000o\000l\000o\000g\000i\000c\000a\000l\000\040\000P\000a\000r\000s\000i\000n\000g}{chapter.3}% 36
\BOOKMARK [1][-]{section.3.3}{\376\377\000M\000o\000r\000f\000o\000t\000a\000k\000t\000i\000k}{chapter.3}% 37
\BOOKMARK [1][-]{section.3.4}{\376\377\000A\000n\000a\000l\000i\000s\000i\000s\000\040\000U\000s\000e\000\040\000C\000a\000s\000e}{chapter.3}% 38
\BOOKMARK [1][-]{section.3.5}{\376\377\000D\000i\000a\000g\000r\000a\000m\000\040\000K\000e\000l\000a\000s}{chapter.3}% 39
\BOOKMARK [0][-]{chapter.4}{\376\377\000P\000e\000r\000a\000n\000c\000a\000n\000g\000a\000n}{}% 40
\BOOKMARK [1][-]{section.4.1}{\376\377\000S\000t\000r\000u\000k\000t\000u\000r\000\040\000P\000e\000n\000y\000i\000m\000p\000a\000n\000a\000n\000\040\000L\000e\000k\000s\000i\000k\000o\000n}{chapter.4}% 41
\BOOKMARK [1][-]{section.4.2}{\376\377\000S\000y\000n\000t\000a\000x\000\040\000K\000e\000l\000u\000a\000r\000a\000n\000\040\000P\000r\000o\000s\000e\000s\000\040\000M\000o\000r\000p\000h\000o\000l\000o\000g\000i\000c\000a\000l\000\040\000P\000a\000r\000s\000i\000n\000g}{chapter.4}% 42
\BOOKMARK [1][-]{section.4.3}{\376\377\000P\000e\000r\000a\000n\000c\000a\000n\000g\000a\000n\000\040\000A\000n\000t\000a\000r\000m\000u\000k\000a}{chapter.4}% 43
\BOOKMARK [2][-]{subsection.4.3.1}{\376\377\000P\000e\000r\000a\000n\000c\000a\000n\000g\000a\000n\000\040\000A\000n\000t\000a\000r\000m\000u\000k\000a\000\040\000P\000e\000r\000a\000n\000g\000k\000a\000t\000\040\000L\000u\000n\000a\000k\000\040\000M\000o\000r\000p\000h\000o\000l\000o\000g\000i\000c\000a\000l\000\040\000P\000a\000r\000s\000e\000r}{section.4.3}% 44
\BOOKMARK [2][-]{subsection.4.3.2}{\376\377\000P\000e\000r\000a\000n\000c\000a\000n\000g\000a\000n\000\040\000A\000n\000t\000a\000r\000m\000u\000k\000a\000\040\000P\000e\000r\000a\000n\000g\000k\000a\000t\000\040\000L\000u\000n\000a\000k\000\040\000L\000e\000x\000i\000c\000o\000n}{section.4.3}% 45
\BOOKMARK [1][-]{section.4.4}{\376\377\000D\000i\000a\000g\000r\000a\000m\000\040\000K\000e\000l\000a\000s\000\040\000L\000e\000n\000g\000k\000a\000p}{chapter.4}% 46
\BOOKMARK [2][-]{subsection.4.4.1}{\376\377\000K\000e\000l\000a\000s\000\040\000P\000a\000r\000s\000e\000r}{section.4.4}% 47
\BOOKMARK [2][-]{subsection.4.4.2}{\376\377\000K\000e\000l\000a\000s\000\040\000L\000e\000x\000i\000c\000o\000n}{section.4.4}% 48
\BOOKMARK [2][-]{subsection.4.4.3}{\376\377\000K\000e\000l\000a\000s\000\040\000N\000o\000d\000e}{section.4.4}% 49
\BOOKMARK [2][-]{subsection.4.4.4}{\376\377\000K\000e\000l\000a\000s\000\040\000C\000o\000m\000b\000i\000n\000e\000r}{section.4.4}% 50
\BOOKMARK [1][-]{section.4.5}{\376\377\000D\000i\000a\000g\000r\000a\000m\000\040\000A\000k\000t\000i\000v\000i\000t\000a\000s}{chapter.4}% 51
\BOOKMARK [1][-]{section.4.6}{\376\377\000P\000e\000r\000a\000n\000c\000a\000n\000g\000a\000n\000\040\000A\000l\000g\000o\000r\000i\000t\000m\000a}{chapter.4}% 52
\BOOKMARK [0][-]{chapter.5}{\376\377\000I\000m\000p\000l\000e\000m\000e\000n\000t\000a\000s\000i\000\040\000d\000a\000n\000\040\000P\000e\000n\000g\000u\000j\000i\000a\000n}{}% 53
\BOOKMARK [1][-]{section.5.1}{\376\377\000I\000m\000p\000l\000e\000m\000e\000n\000t\000a\000s\000i}{chapter.5}% 54
\BOOKMARK [1][-]{section.5.2}{\376\377\000P\000e\000n\000g\000u\000j\000i\000a\000n}{chapter.5}% 55
\BOOKMARK [2][-]{subsection.5.2.1}{\376\377\000P\000e\000n\000g\000u\000j\000i\000a\000n\000\040\000F\000u\000n\000g\000s\000i\000o\000n\000a\000l}{section.5.2}% 56
\BOOKMARK [2][-]{subsection.5.2.2}{\376\377\000P\000e\000n\000g\000u\000j\000i\000a\000n\000\040\000N\000o\000n\000f\000u\000n\000g\000s\000i\000o\000n\000a\000l}{section.5.2}% 57
\BOOKMARK [0][-]{chapter.6}{\376\377\000K\000e\000s\000i\000m\000p\000u\000l\000a\000n\000\040\000d\000a\000n\000\040\000S\000a\000r\000a\000n}{}% 58
\BOOKMARK [1][-]{section.6.1}{\376\377\000K\000e\000s\000i\000m\000p\000u\000l\000a\000n}{chapter.6}% 59
\BOOKMARK [1][-]{section.6.2}{\376\377\000S\000a\000r\000a\000n}{chapter.6}% 60
\BOOKMARK [0][-]{chapter*.4}{\376\377\000D\000a\000f\000t\000a\000r\000\040\000R\000e\000f\000e\000r\000e\000n\000s\000i}{}% 61
\BOOKMARK [0][-]{appendix.A}{\376\377\000B\000a\000h\000a\000n\000\040\000P\000e\000n\000g\000u\000j\000i\000a\000n}{}% 62
\BOOKMARK [0][-]{appendix.B}{\376\377\000K\000o\000d\000e\000\040\000P\000r\000o\000g\000r\000a\000m}{}% 63
